\BOOKMARK [1][-]{section.1}{\376\377\000V\000\375\000b\000e\000r\000\040\000t\000\351\000m\000y}{}% 1
\BOOKMARK [2][-]{subsection.1.1}{\376\377\001\140\000t\000y\000r\000i\000\040\000v\000\040\000r\000a\000d\000e\000\040\000\050\000S\000l\000\372\000k\000a\000\051}{section.1}% 2
\BOOKMARK [2][-]{subsection.1.2}{\376\377\000O\000r\000g\000a\000n\000i\000z\000\341\000t\000o\000r\000\040\000r\000o\000z\000v\000r\000h\000u\000\040\000a\000\040\000v\000o\001\076\000n\000\351\000h\000o\000\040\001\015\000a\000s\000u\000\040\000\050\000M\000a\000j\000e\000r\000\051}{section.1}% 3
\BOOKMARK [2][-]{subsection.1.3}{\376\377\000I\000V\000A\000N\000\040\000T\000O\000D\000O}{section.1}% 4
\BOOKMARK [1][-]{section.2}{\376\377\000Z\000v\000o\000l\000e\000n\000\341\000\040\000t\000\351\000m\000a}{}% 5
\BOOKMARK [1][-]{section.3}{\376\377\000D\000o\000t\000a\000z\000n\000\355\000k}{}% 6
\BOOKMARK [2][-]{subsection.3.1}{\376\377\000P\000o\000z\000n\000a\000t\000k\000y\000\040\000z\000\040\000o\000d\000p\000o\000v\000e\000d\000\355\000\040\000\050\000S\000l\000\372\000k\000a\000\051}{section.3}% 7
\BOOKMARK [2][-]{subsection.3.2}{\376\377\000P\000o\000z\000n\000a\000t\000k\000y\000\040\000z\000\040\000o\000d\000p\000o\000v\000e\000d\000\355\000\040\000\050\000M\000a\000j\000e\000r\000\051}{section.3}% 8
\BOOKMARK [2][-]{subsection.3.3}{\376\377\000P\000o\000z\000n\000a\000t\000k\000y\000\040\000z\000\040\000o\000d\000p\000o\000v\000e\000d\000\355\000\040\000\050\000M\000a\000h\000\372\000t\000\051}{section.3}% 9
\BOOKMARK [1][-]{section.4}{\376\377\000P\000o\000r\000o\000v\000n\000a\000n\000i\000e\000\040\000s\000\040\000e\000x\000i\000s\000t\000u\000j\000\372\000c\000o\000u\000\040\000a\000p\000l\000i\000k\000\341\000c\000i\000o\000u}{}% 10
\BOOKMARK [2][-]{subsection.4.1}{\376\377\000b\000o\000a\000r\000d\000g\000a\000m\000e\000s\000.\000i\000o\000/\000c\000o\000n\000n\000e\000c\000t\0004\000\040\000\050\000S\000l\000\372\000k\000a\000\051}{section.4}% 11
\BOOKMARK [2][-]{subsection.4.2}{\376\377\000\040\000k\000e\000v\000i\000n\000s\000h\000a\000n\000n\000o\000n\000.\000c\000o\000m\000/\000c\000o\000n\000n\000e\000c\000t\0004\000\040\000\050\000M\000a\000j\000e\000r\000\051}{section.4}% 12
\BOOKMARK [2][-]{subsection.4.3}{\376\377\000a\000p\000p\000\040\000l\000i\000n\000k\000\040\000\050\000M\000a\000h\000\372\000t\000\051}{section.4}% 13
\BOOKMARK [1][-]{section.5}{\376\377\000V\000\375\000s\000l\000e\000d\000n\000\351\000\040\000u\001\176\000i\000v\000a\000t\000e\001\076\000s\000k\000\351\000\040\000p\000o\000t\000r\000e\000b\000y}{}% 14
\BOOKMARK [1][-]{section.6}{\376\377\000R\000o\000z\000d\000e\000l\000e\000n\000i\000e\000\040\000p\000r\000\341\000c\000e\000\040\000a\000\040\000v\000a\000r\000i\000a\000n\000t\000a}{}% 15
\BOOKMARK [1][-]{section.7}{\376\377\000M\000a\000k\000e\000t\000a}{}% 16
\BOOKMARK [2][-]{subsection.7.1}{\376\377\000H\000l\000a\000v\000n\000\351\000\040\000m\000e\000n\000u\000:}{section.7}% 17
\BOOKMARK [2][-]{subsection.7.2}{\376\377\000H\000r\000a\000c\000i\000a\000\040\000p\000l\000o\000c\000h\000a\000:}{section.7}% 18
\BOOKMARK [2][-]{subsection.7.3}{\376\377\000M\000o\000d\000\341\000l\000n\000e\000\040\000o\000k\000n\000o\000\040\000s\000u\000m\000a\000r\000i\000z\000\341\000c\000i\000e\000\040\000h\000r\000y\000:}{section.7}% 19
\BOOKMARK [2][-]{subsection.7.4}{\376\377\000R\000i\000e\001\141\000e\000n\000i\000e\000\040\000p\000o\000t\000r\000i\000e\000b\000\040\000u\001\176\000\355\000v\000a\000t\000e\001\076\000o\000v}{section.7}% 20
\BOOKMARK [2][-]{subsection.7.5}{\376\377\000K\001\076\000\372\001\015\000o\000v\000\351\000\040\000p\000r\000o\000b\000l\000\351\000m\000y\000\040\000a\000\040\000r\000i\000e\001\141\000e\000n\000i\000a}{section.7}% 21
\BOOKMARK [1][-]{section.8}{\376\377\000T\000e\000s\000t\000o\000v\000a\000n\000i\000e\000\040\000m\000a\000k\000e\000t\000y}{}% 22
\BOOKMARK [1][-]{section.9}{\376\377\000T\000e\000s\000t\000\040\000n\000a\000v\000i\000g\000\341\000c\000i\000e\000\040\000v\000\040\000r\000o\000z\000h\000r\000a\000n\000\355}{}% 23
